.next/dev/types/validator.ts(270,31): error TS2344: Type 'typeof import("C:/Users/heri.espinosa/Desktop/Development Enviroment/By-Proyects/Soporte_Netsuite/mc_support/app/api/tickets/[id]/close/route")' does not satisfy the constraint 'RouteHandlerConfig<"/api/tickets/[id]/close">'.
  Types of property 'GET' are incompatible.
    Type '(request: NextRequest, { params }: { params: { id: string; }; }) => Promise<NextResponse<unknown>>' is not assignable to type '(request: NextRequest, context: { params: Promise<{ id: string; }>; }) => void | Response | Promise<void | Response>'.
      Types of parameters '__1' and 'context' are incompatible.
        Type '{ params: Promise<{ id: string; }>; }' is not assignable to type '{ params: { id: string; }; }'.
          Types of property 'params' are incompatible.
            Property 'id' is missing in type 'Promise<{ id: string; }>' but required in type '{ id: string; }'.
.next/types/validator.ts(270,31): error TS2344: Type 'typeof import("C:/Users/heri.espinosa/Desktop/Development Enviroment/By-Proyects/Soporte_Netsuite/mc_support/app/api/tickets/[id]/close/route")' does not satisfy the constraint 'RouteHandlerConfig<"/api/tickets/[id]/close">'.
  Types of property 'GET' are incompatible.
    Type '(request: NextRequest, { params }: { params: { id: string; }; }) => Promise<NextResponse<unknown>>' is not assignable to type '(request: NextRequest, context: { params: Promise<{ id: string; }>; }) => void | Response | Promise<void | Response>'.
      Types of parameters '__1' and 'context' are incompatible.
        Type '{ params: Promise<{ id: string; }>; }' is not assignable to type '{ params: { id: string; }; }'.
          Types of property 'params' are incompatible.
            Property 'id' is missing in type 'Promise<{ id: string; }>' but required in type '{ id: string; }'.
app/[locale]/(admin)/admin/settings/page.tsx(53,39): error TS2739: Type '{ companyName: string; supportEmail: string; maintenanceMode: boolean; maxUploadSizeMB: number; allowedFileTypes: string; }' is missing the following properties from type '{ companyName: string; supportEmail: string; maintenanceMode: boolean; maxUploadSizeMB: number; allowedFileTypes: string; assistantName: string; assistantEnabled: boolean; businessHoursStart: number; businessHoursEnd: number; }': assistantName, assistantEnabled, businessHoursStart, businessHoursEnd
